
> portal-mkk-backend@1.0.0 dev
> tsx watch src/server.ts

Backend started on :4000
GET /health 200 42 - 2.690 ms
POST /auth/sign-up 201 73 - 2142.439 ms
POST /auth/sign-in 200 1029 - 618.808 ms
15:13:24 [tsx] change in ./src\server.ts Restarting...
cBackend started on :4000
15:29:39 [tsx] change in ./src\server.ts Restarting...
cBackend started on :4000
16:03:26 [tsx] change in ./src\server.ts Restarting...
cBackend started on :4000
16:18:59 [tsx] change in ./src\server.ts Restarting...
cBackend started on :4000
16:46:23 [tsx] change in ./src\server.ts Restarting...
cBackend started on :4000
16:51:00 [tsx] change in ./src\server.ts Restarting...
cBackend started on :4000
16:53:29 [tsx] change in ./src\server.ts Restarting...
cBackend started on :4000
16:53:38 [tsx] change in ./src\server.ts Restarting...
cBackend started on :4000
16:54:02 [tsx] change in ./src\server.ts Restarting...
cBackend started on :4000
17:00:45 [tsx] change in ./src\server.ts Restarting...
cBackend started on :4000
17:01:32 [tsx] change in ./src\server.ts Restarting...
cBackend started on :4000
17:07:28 [tsx] change in ./src\server.ts Restarting...
cBackend started on :4000
17:07:46 [tsx] change in ./src\server.ts Restarting...
cBackend started on :4000
17:08:08 [tsx] change in ./src\server.ts Restarting...
cBackend started on :4000
17:10:24 [tsx] change in ./src\server.ts Restarting...
cBackend started on :4000
17:15:31 [tsx] change in ./src\server.ts Restarting...
cBackend started on :4000
17:16:00 [tsx] change in ./src\server.ts Restarting...
cBackend started on :4000
17:16:34 [tsx] change in ./src\server.ts Restarting...
cBackend started on :4000
17:22:43 [tsx] change in ./src\server.ts Restarting...
cBackend started on :4000
17:23:08 [tsx] change in ./src\server.ts Restarting...
cBackend started on :4000
17:23:30 [tsx] change in ./src\server.ts Restarting...
cBackend started on :4000
17:30:30 [tsx] change in ./src\server.ts Restarting...
cBackend started on :4000
17:30:37 [tsx] change in ./src\server.ts Restarting...
cBackend started on :4000
17:30:54 [tsx] change in ./src\server.ts Restarting...
cBackend started on :4000
17:31:02 [tsx] change in ./src\server.ts Restarting...
cBackend started on :4000
17:31:06 [tsx] change in ./src\server.ts Restarting...
cBackend started on :4000
17:49:55 [tsx] change in ./src\server.ts Restarting...
cBackend started on :4000
17:53:23 [tsx] change in ./src\server.ts Restarting...
cBackend started on :4000
17:53:27 [tsx] change in ./src\server.ts Restarting...
cBackend started on :4000
18:01:05 [tsx] change in ./src\server.ts Restarting...
cBackend started on :4000
18:07:01 [tsx] change in ./src\server.ts Restarting...
cBackend started on :4000
18:07:38 [tsx] change in ./src\server.ts Restarting...
cBackend started on :4000
18:08:07 [tsx] change in ./src\server.ts Restarting...
cBackend started on :4000
18:08:14 [tsx] change in ./src\server.ts Restarting...
cBackend started on :4000
18:11:20 [tsx] change in ./src\server.ts Restarting...
cBackend started on :4000
18:15:36 [tsx] change in ./src\server.ts Restarting...
cBackend started on :4000
18:15:56 [tsx] change in ./src\server.ts Restarting...
cBackend started on :4000
18:16:15 [tsx] change in ./src\server.ts Restarting...
cBackend started on :4000
18:19:11 [tsx] change in ./src\server.ts Restarting...
cBackend started on :4000
18:48:11 [tsx] change in ./src\server.ts Restarting...
cBackend started on :4000
18:48:27 [tsx] change in ./src\server.ts Restarting...
cBackend started on :4000
18:51:14 [tsx] change in ./src\server.ts Restarting...
cBackend started on :4000
18:51:41 [tsx] change in ./src\server.ts Restarting...
cBackend started on :4000
18:52:04 [tsx] change in ./src\server.ts Restarting...
cBackend started on :4000
18:52:11 [tsx] change in ./src\server.ts Restarting...
cBackend started on :4000
19:00:11 [tsx] change in ./src\server.ts Restarting...
cBackend started on :4000
19:02:52 [tsx] change in ./src\server.ts Restarting...
cBackend started on :4000
19:03:09 [tsx] change in ./src\server.ts Restarting...
cBackend started on :4000
19:03:12 [tsx] change in ./src\server.ts Restarting...
cBackend started on :4000
19:03:17 [tsx] change in ./src\server.ts Restarting...
cBackend started on :4000
19:03:33 [tsx] change in ./src\server.ts Restarting...
cBackend started on :4000
19:07:51 [tsx] change in ./src\server.ts Restarting...
cBackend started on :4000
22:57:29 [tsx] change in ./src\server.ts Restarting...
cBackend started on :4000
22:58:35 [tsx] change in ./src\server.ts Restarting...
cBackend started on :4000
22:59:45 [tsx] change in ./src\server.ts Restarting...
cBackend started on :4000
23:00:49 [tsx] change in ./src\server.ts Restarting...
cBackend started on :4000
23:36:07 [tsx] change in ./src\server.ts Restarting...
cBackend started on :4000
23:37:15 [tsx] change in ./src\server.ts Restarting...
cBackend started on :4000
23:38:03 [tsx] change in ./src\server.ts Restarting...
cBackend started on :4000
23:39:21 [tsx] change in ./src\server.ts Restarting...
cBackend started on :4000
